[0911/022145.282:ERROR:process_memory_win.cc(73)] ReadMemory at 0x7ff626da0000 of 64 bytes failed: Solo se completó una parte de una solicitud ReadProcessMemory o WriteProcessMemory. (0x12B)
[0911/022146.012:WARNING:pe_image_reader.cc(340)] could not read dos header from C:\Program Files (x86)\Google\Chrome\Application\chrome.exe
[0911/022146.012:ERROR:process_memory_win.cc(73)] ReadMemory at 0x7ff966200000 of 64 bytes failed: Solo se completó una parte de una solicitud ReadProcessMemory o WriteProcessMemory. (0x12B)
[0911/022146.012:WARNING:pe_image_reader.cc(340)] could not read dos header from C:\Windows\SYSTEM32\ntdll.dll
[0911/022146.012:ERROR:process_memory_win.cc(73)] ReadMemory at 0x7ff9659c0000 of 64 bytes failed: Solo se completó una parte de una solicitud ReadProcessMemory o WriteProcessMemory. (0x12B)
[0911/022146.013:WARNING:pe_image_reader.cc(340)] could not read dos header from C:\Windows\System32\KERNEL32.DLL
[0911/022146.013:ERROR:process_memory_win.cc(73)] ReadMemory at 0x7ff9634c0000 of 64 bytes failed: Solo se completó una parte de una solicitud ReadProcessMemory o WriteProcessMemory. (0x12B)
[0911/022146.013:WARNING:pe_image_reader.cc(340)] could not read dos header from C:\Windows\System32\KERNELBASE.dll
[0911/022146.013:ERROR:process_memory_win.cc(73)] ReadMemory at 0x7ff9293f0000 of 64 bytes failed: Solo se completó una parte de una solicitud ReadProcessMemory o WriteProcessMemory. (0x12B)
[0911/022146.013:WARNING:pe_image_reader.cc(340)] could not read dos header from C:\Program Files (x86)\Google\Chrome\Application\85.0.4183.102\chrome_elf.dll
[0911/022146.013:ERROR:process_memory_win.cc(73)] ReadMemory at 0x7ff957a70000 of 64 bytes failed: Solo se completó una parte de una solicitud ReadProcessMemory o WriteProcessMemory. (0x12B)
[0911/022146.013:WARNING:pe_image_reader.cc(340)] could not read dos header from C:\Windows\SYSTEM32\VERSION.dll
[0911/022146.013:ERROR:process_memory_win.cc(73)] ReadMemory at 0x7ff964a70000 of 64 bytes failed: Solo se completó una parte de una solicitud ReadProcessMemory o WriteProcessMemory. (0x12B)
[0911/022146.013:WARNING:pe_image_reader.cc(340)] could not read dos header from C:\Windows\System32\msvcrt.dll
[0911/022146.013:ERROR:process_memory_win.cc(73)] ReadMemory at 0x7ff963360000 of 64 bytes failed: Solo se completó una parte de una solicitud ReadProcessMemory o WriteProcessMemory. (0x12B)
[0911/022146.013:WARNING:pe_image_reader.cc(340)] could not read dos header from C:\Windows\System32\bcryptPrimitives.dll
[0911/022146.013:ERROR:process_memory_win.cc(73)] ReadMemory at 0x7ff965e20000 of 64 bytes failed: Solo se completó una parte de una solicitud ReadProcessMemory o WriteProcessMemory. (0x12B)
[0911/022146.013:WARNING:pe_image_reader.cc(340)] could not read dos header from C:\Windows\System32\ADVAPI32.dll
[0911/022146.013:ERROR:process_memory_win.cc(73)] ReadMemory at 0x7ff965d80000 of 64 bytes failed: Solo se completó una parte de una solicitud ReadProcessMemory o WriteProcessMemory. (0x12B)
[0911/022146.013:WARNING:pe_image_reader.cc(340)] could not read dos header from C:\Windows\System32\sechost.dll
[0911/022146.013:ERROR:process_memory_win.cc(73)] ReadMemory at 0x7ff965ff0000 of 64 bytes failed: Solo se completó una parte de una solicitud ReadProcessMemory o WriteProcessMemory. (0x12B)
[0911/022146.013:WARNING:pe_image_reader.cc(340)] could not read dos header from C:\Windows\System32\RPCRT4.dll
[0911/022146.013:ERROR:process_memory_win.cc(73)] ReadMemory at 0x7ff903180000 of 64 bytes failed: Solo se completó una parte de una solicitud ReadProcessMemory o WriteProcessMemory. (0x12B)
[0911/022146.013:WARNING:pe_image_reader.cc(340)] could not read dos header from C:\Program Files (x86)\Google\Chrome\Application\85.0.4183.102\chrome.dll
[0911/022146.013:ERROR:process_memory_win.cc(73)] ReadMemory at 0x7ff964b10000 of 64 bytes failed: Solo se completó una parte de una solicitud ReadProcessMemory o WriteProcessMemory. (0x12B)
[0911/022146.014:WARNING:pe_image_reader.cc(340)] could not read dos header from C:\Windows\System32\WS2_32.dll
[0911/022146.014:ERROR:process_memory_win.cc(73)] ReadMemory at 0x7ff964fa0000 of 64 bytes failed: Solo se completó una parte de una solicitud ReadProcessMemory o WriteProcessMemory. (0x12B)
[0911/022146.014:WARNING:pe_image_reader.cc(340)] could not read dos header from C:\Windows\System32\OLEAUT32.dll
[0911/022146.014:ERROR:process_memory_win.cc(73)] ReadMemory at 0x7ff9631c0000 of 64 bytes failed: Solo se completó una parte de una solicitud ReadProcessMemory o WriteProcessMemory. (0x12B)
[0911/022146.014:WARNING:pe_image_reader.cc(340)] could not read dos header from C:\Windows\System32\msvcp_win.dll
[0911/022146.014:ERROR:process_memory_win.cc(73)] ReadMemory at 0x7ff963260000 of 64 bytes failed: Solo se completó una parte de una solicitud ReadProcessMemory o WriteProcessMemory. (0x12B)
[0911/022146.014:WARNING:pe_image_reader.cc(340)] could not read dos header from C:\Windows\System32\ucrtbase.dll
[0911/022146.014:ERROR:process_memory_win.cc(73)] ReadMemory at 0x7ff964c60000 of 64 bytes failed: Solo se completó una parte de una solicitud ReadProcessMemory o WriteProcessMemory. (0x12B)
[0911/022146.014:WARNING:pe_image_reader.cc(340)] could not read dos header from C:\Windows\System32\combase.dll
[0911/022146.014:ERROR:process_memory_win.cc(73)] ReadMemory at 0x7ff964200000 of 64 bytes failed: Solo se completó una parte de una solicitud ReadProcessMemory o WriteProcessMemory. (0x12B)
[0911/022146.014:WARNING:pe_image_reader.cc(340)] could not read dos header from C:\Windows\System32\WINTRUST.dll
[0911/022146.014:ERROR:process_memory_win.cc(73)] ReadMemory at 0x7ff963170000 of 64 bytes failed: Solo se completó una parte de una solicitud ReadProcessMemory o WriteProcessMemory. (0x12B)
[0911/022146.014:WARNING:pe_image_reader.cc(340)] could not read dos header from C:\Windows\System32\MSASN1.dll
[0911/022146.014:ERROR:process_memory_win.cc(73)] ReadMemory at 0x7ff963910000 of 64 bytes failed: Solo se completó una parte de una solicitud ReadProcessMemory o WriteProcessMemory. (0x12B)
[0911/022146.014:WARNING:pe_image_reader.cc(340)] could not read dos header from C:\Windows\System32\CRYPT32.dll
[0911/022146.014:ERROR:process_memory_win.cc(73)] ReadMemory at 0x7ff9625c0000 of 64 bytes failed: Solo se completó una parte de una solicitud ReadProcessMemory o WriteProcessMemory. (0x12B)
[0911/022146.014:WARNING:pe_image_reader.cc(340)] could not read dos header from C:\Windows\SYSTEM32\IPHLPAPI.DLL
[0911/022146.014:ERROR:process_memory_win.cc(73)] ReadMemory at 0x7ff960990000 of 64 bytes failed: Solo se completó una parte de una solicitud ReadProcessMemory o WriteProcessMemory. (0x12B)
[0911/022146.014:WARNING:pe_image_reader.cc(340)] could not read dos header from C:\Windows\SYSTEM32\WINMM.dll
[0911/022146.014:ERROR:process_memory_win.cc(73)] ReadMemory at 0x7ff9364c0000 of 64 bytes failed: Solo se completó una parte de una solicitud ReadProcessMemory o WriteProcessMemory. (0x12B)
[0911/022146.014:WARNING:pe_image_reader.cc(340)] could not read dos header from C:\Windows\SYSTEM32\UIAutomationCore.DLL
[0911/022146.014:ERROR:process_memory_win.cc(73)] ReadMemory at 0x7ff949e00000 of 64 bytes failed: Solo se completó una parte de una solicitud ReadProcessMemory o WriteProcessMemory. (0x12B)
[0911/022146.014:WARNING:pe_image_reader.cc(340)] could not read dos header from C:\Windows\SYSTEM32\Secur32.dll
[0911/022146.014:ERROR:process_memory_win.cc(73)] ReadMemory at 0x7ff962fe0000 of 64 bytes failed: Solo se completó una parte de una solicitud ReadProcessMemory o WriteProcessMemory. (0x12B)
[0911/022146.014:WARNING:pe_image_reader.cc(340)] could not read dos header from C:\Windows\SYSTEM32\USERENV.dll
[0911/022146.015:ERROR:process_memory_win.cc(73)] ReadMemory at 0x7ff9630d0000 of 64 bytes failed: Solo se completó una parte de una solicitud ReadProcessMemory o WriteProcessMemory. (0x12B)
[0911/022146.015:WARNING:pe_image_reader.cc(340)] could not read dos header from C:\Windows\System32\profapi.dll
[0911/022146.015:ERROR:process_memory_win.cc(73)] ReadMemory at 0x7ff93a0f0000 of 64 bytes failed: Solo se completó una parte de una solicitud ReadProcessMemory o WriteProcessMemory. (0x12B)
[0911/022146.015:WARNING:pe_image_reader.cc(340)] could not read dos header from C:\Windows\SYSTEM32\DWrite.dll
[0911/022146.015:ERROR:process_memory_win.cc(73)] ReadMemory at 0x7ff9547e0000 of 64 bytes failed: Solo se completó una parte de una solicitud ReadProcessMemory o WriteProcessMemory. (0x12B)
[0911/022146.015:WARNING:pe_image_reader.cc(340)] could not read dos header from C:\Windows\SYSTEM32\WINSPOOL.DRV
[0911/022146.015:ERROR:process_memory_win.cc(73)] ReadMemory at 0x7ff963150000 of 64 bytes failed: Solo se completó una parte de una solicitud ReadProcessMemory o WriteProcessMemory. (0x12B)
[0911/022146.015:WARNING:pe_image_reader.cc(340)] could not read dos header from C:\Windows\System32\kernel.appcore.dll
[0911/022146.015:ERROR:process_memory_win.cc(73)] ReadMemory at 0x7ff963190000 of 64 bytes failed: Solo se completó una parte de una solicitud ReadProcessMemory o WriteProcessMemory. (0x12B)
[0911/022146.015:WARNING:pe_image_reader.cc(340)] could not read dos header from C:\Windows\System32\bcrypt.dll
[0911/022146.015:ERROR:process_memory_win.cc(73)] ReadMemory at 0x7ff961950000 of 64 bytes failed: Solo se completó una parte de una solicitud ReadProcessMemory o WriteProcessMemory. (0x12B)
[0911/022146.015:WARNING:pe_image_reader.cc(340)] could not read dos header from C:\Windows\SYSTEM32\dbghelp.dll
[0911/022146.015:ERROR:process_memory_win.cc(73)] ReadMemory at 0x7ff957970000 of 64 bytes failed: Solo se completó una parte de una solicitud ReadProcessMemory o WriteProcessMemory. (0x12B)
[0911/022146.015:WARNING:pe_image_reader.cc(340)] could not read dos header from C:\Windows\SYSTEM32\WINHTTP.dll
[0911/022146.015:ERROR:process_memory_win.cc(73)] ReadMemory at 0x7ff95a210000 of 64 bytes failed: Solo se completó una parte de una solicitud ReadProcessMemory o WriteProcessMemory. (0x12B)
[0911/022146.015:WARNING:pe_image_reader.cc(340)] could not read dos header from C:\Windows\SYSTEM32\dhcpcsvc.DLL
[0911/022146.015:ERROR:process_memory_win.cc(73)] ReadMemory at 0x7ff9643f0000 of 64 bytes failed: Solo se completó una parte de una solicitud ReadProcessMemory o WriteProcessMemory. (0x12B)
[0911/022146.015:WARNING:pe_image_reader.cc(340)] could not read dos header from C:\Windows\System32\NSI.dll
[0911/022146.015:ERROR:process_memory_win.cc(73)] ReadMemory at 0x7ff960960000 of 64 bytes failed: Solo se completó una parte de una solicitud ReadProcessMemory o WriteProcessMemory. (0x12B)
[0911/022146.015:WARNING:pe_image_reader.cc(340)] could not read dos header from C:\Windows\SYSTEM32\WINMMBASE.dll
[0911/022146.015:ERROR:process_memory_win.cc(73)] ReadMemory at 0x7ff964260000 of 64 bytes failed: Solo se completó una parte de una solicitud ReadProcessMemory o WriteProcessMemory. (0x12B)
[0911/022146.015:WARNING:pe_image_reader.cc(340)] could not read dos header from C:\Windows\System32\cfgmgr32.dll
[0911/022146.015:ERROR:process_memory_win.cc(73)] ReadMemory at 0x7ff961d50000 of 64 bytes failed: Solo se completó una parte de una solicitud ReadProcessMemory o WriteProcessMemory. (0x12B)
[0911/022146.015:WARNING:pe_image_reader.cc(340)] could not read dos header from C:\Windows\SYSTEM32\PROPSYS.dll
[0911/022146.015:ERROR:process_memory_win.cc(73)] ReadMemory at 0x7ff966110000 of 64 bytes failed: Solo se completó una parte de una solicitud ReadProcessMemory o WriteProcessMemory. (0x12B)
[0911/022146.015:WARNING:pe_image_reader.cc(340)] could not read dos header from C:\Windows\System32\shcore.dll
[0911/022146.015:ERROR:process_memory_win.cc(73)] ReadMemory at 0x7ff962fa0000 of 64 bytes failed: Solo se completó una parte de una solicitud ReadProcessMemory o WriteProcessMemory. (0x12B)
[0911/022146.015:WARNING:pe_image_reader.cc(340)] could not read dos header from C:\Windows\SYSTEM32\SSPICLI.DLL
[0911/022146.015:ERROR:process_memory_win.cc(73)] ReadMemory at 0x7ff962a80000 of 64 bytes failed: Solo se completó una parte de una solicitud ReadProcessMemory o WriteProcessMemory. (0x12B)
[0911/022146.015:WARNING:pe_image_reader.cc(340)] could not read dos header from C:\Windows\SYSTEM32\CRYPTBASE.DLL
[0911/022146.157:ERROR:process_memory_win.cc(73)] ReadMemory at 0x7ff626da0000 of 64 bytes failed: Solo se completó una parte de una solicitud ReadProcessMemory o WriteProcessMemory. (0x12B)
[0911/022146.157:WARNING:pe_image_reader.cc(340)] could not read dos header from C:\Program Files (x86)\Google\Chrome\Application\chrome.exe
[0911/022146.157:ERROR:process_memory_win.cc(73)] ReadMemory at 0x7ff966200000 of 64 bytes failed: Solo se completó una parte de una solicitud ReadProcessMemory o WriteProcessMemory. (0x12B)
[0911/022146.157:WARNING:pe_image_reader.cc(340)] could not read dos header from C:\Windows\SYSTEM32\ntdll.dll
[0911/022146.157:ERROR:process_memory_win.cc(73)] ReadMemory at 0x7ff9659c0000 of 64 bytes failed: Solo se completó una parte de una solicitud ReadProcessMemory o WriteProcessMemory. (0x12B)
[0911/022146.158:WARNING:pe_image_reader.cc(340)] could not read dos header from C:\Windows\System32\KERNEL32.DLL
[0911/022146.158:ERROR:process_memory_win.cc(73)] ReadMemory at 0x7ff9634c0000 of 64 bytes failed: Solo se completó una parte de una solicitud ReadProcessMemory o WriteProcessMemory. (0x12B)
[0911/022146.158:WARNING:pe_image_reader.cc(340)] could not read dos header from C:\Windows\System32\KERNELBASE.dll
[0911/022146.158:ERROR:process_memory_win.cc(73)] ReadMemory at 0x7ff9293f0000 of 64 bytes failed: Solo se completó una parte de una solicitud ReadProcessMemory o WriteProcessMemory. (0x12B)
[0911/022146.160:WARNING:pe_image_reader.cc(340)] could not read dos header from C:\Program Files (x86)\Google\Chrome\Application\85.0.4183.102\chrome_elf.dll
[0911/022146.160:ERROR:process_memory_win.cc(73)] ReadMemory at 0x7ff957a70000 of 64 bytes failed: Solo se completó una parte de una solicitud ReadProcessMemory o WriteProcessMemory. (0x12B)
[0911/022146.160:WARNING:pe_image_reader.cc(340)] could not read dos header from C:\Windows\SYSTEM32\VERSION.dll
[0911/022146.160:ERROR:process_memory_win.cc(73)] ReadMemory at 0x7ff964a70000 of 64 bytes failed: Solo se completó una parte de una solicitud ReadProcessMemory o WriteProcessMemory. (0x12B)
[0911/022146.160:WARNING:pe_image_reader.cc(340)] could not read dos header from C:\Windows\System32\msvcrt.dll
[0911/022146.161:ERROR:process_memory_win.cc(73)] ReadMemory at 0x7ff963360000 of 64 bytes failed: Solo se completó una parte de una solicitud ReadProcessMemory o WriteProcessMemory. (0x12B)
[0911/022146.161:WARNING:pe_image_reader.cc(340)] could not read dos header from C:\Windows\System32\bcryptPrimitives.dll
[0911/022146.162:ERROR:process_memory_win.cc(73)] ReadMemory at 0x7ff965e20000 of 64 bytes failed: Solo se completó una parte de una solicitud ReadProcessMemory o WriteProcessMemory. (0x12B)
[0911/022146.162:WARNING:pe_image_reader.cc(340)] could not read dos header from C:\Windows\System32\ADVAPI32.dll
[0911/022146.162:ERROR:process_memory_win.cc(73)] ReadMemory at 0x7ff965d80000 of 64 bytes failed: Solo se completó una parte de una solicitud ReadProcessMemory o WriteProcessMemory. (0x12B)
[0911/022146.162:WARNING:pe_image_reader.cc(340)] could not read dos header from C:\Windows\System32\sechost.dll
[0911/022146.162:ERROR:process_memory_win.cc(73)] ReadMemory at 0x7ff965ff0000 of 64 bytes failed: Solo se completó una parte de una solicitud ReadProcessMemory o WriteProcessMemory. (0x12B)
[0911/022146.162:WARNING:pe_image_reader.cc(340)] could not read dos header from C:\Windows\System32\RPCRT4.dll
[0911/022146.162:ERROR:process_memory_win.cc(73)] ReadMemory at 0x7ff903180000 of 64 bytes failed: Solo se completó una parte de una solicitud ReadProcessMemory o WriteProcessMemory. (0x12B)
[0911/022146.162:WARNING:pe_image_reader.cc(340)] could not read dos header from C:\Program Files (x86)\Google\Chrome\Application\85.0.4183.102\chrome.dll
[0911/022146.163:ERROR:process_memory_win.cc(73)] ReadMemory at 0x7ff964b10000 of 64 bytes failed: Solo se completó una parte de una solicitud ReadProcessMemory o WriteProcessMemory. (0x12B)
[0911/022146.163:WARNING:pe_image_reader.cc(340)] could not read dos header from C:\Windows\System32\WS2_32.dll
[0911/022146.163:ERROR:process_memory_win.cc(73)] ReadMemory at 0x7ff964fa0000 of 64 bytes failed: Solo se completó una parte de una solicitud ReadProcessMemory o WriteProcessMemory. (0x12B)
[0911/022146.163:WARNING:pe_image_reader.cc(340)] could not read dos header from C:\Windows\System32\OLEAUT32.dll
[0911/022146.163:ERROR:process_memory_win.cc(73)] ReadMemory at 0x7ff9631c0000 of 64 bytes failed: Solo se completó una parte de una solicitud ReadProcessMemory o WriteProcessMemory. (0x12B)
[0911/022146.163:WARNING:pe_image_reader.cc(340)] could not read dos header from C:\Windows\System32\msvcp_win.dll
[0911/022146.164:ERROR:process_memory_win.cc(73)] ReadMemory at 0x7ff963260000 of 64 bytes failed: Solo se completó una parte de una solicitud ReadProcessMemory o WriteProcessMemory. (0x12B)
[0911/022146.164:WARNING:pe_image_reader.cc(340)] could not read dos header from C:\Windows\System32\ucrtbase.dll
[0911/022146.164:ERROR:process_memory_win.cc(73)] ReadMemory at 0x7ff964c60000 of 64 bytes failed: Solo se completó una parte de una solicitud ReadProcessMemory o WriteProcessMemory. (0x12B)
[0911/022146.164:WARNING:pe_image_reader.cc(340)] could not read dos header from C:\Windows\System32\combase.dll
[0911/022146.164:ERROR:process_memory_win.cc(73)] ReadMemory at 0x7ff964200000 of 64 bytes failed: Solo se completó una parte de una solicitud ReadProcessMemory o WriteProcessMemory. (0x12B)
[0911/022146.164:WARNING:pe_image_reader.cc(340)] could not read dos header from C:\Windows\System32\WINTRUST.dll
[0911/022146.164:ERROR:process_memory_win.cc(73)] ReadMemory at 0x7ff963170000 of 64 bytes failed: Solo se completó una parte de una solicitud ReadProcessMemory o WriteProcessMemory. (0x12B)
[0911/022146.165:WARNING:pe_image_reader.cc(340)] could not read dos header from C:\Windows\System32\MSASN1.dll
[0911/022146.165:ERROR:process_memory_win.cc(73)] ReadMemory at 0x7ff963910000 of 64 bytes failed: Solo se completó una parte de una solicitud ReadProcessMemory o WriteProcessMemory. (0x12B)
[0911/022146.165:WARNING:pe_image_reader.cc(340)] could not read dos header from C:\Windows\System32\CRYPT32.dll
[0911/022146.165:ERROR:process_memory_win.cc(73)] ReadMemory at 0x7ff9625c0000 of 64 bytes failed: Solo se completó una parte de una solicitud ReadProcessMemory o WriteProcessMemory. (0x12B)
[0911/022146.165:WARNING:pe_image_reader.cc(340)] could not read dos header from C:\Windows\SYSTEM32\IPHLPAPI.DLL
[0911/022146.165:ERROR:process_memory_win.cc(73)] ReadMemory at 0x7ff960990000 of 64 bytes failed: Solo se completó una parte de una solicitud ReadProcessMemory o WriteProcessMemory. (0x12B)
[0911/022146.165:WARNING:pe_image_reader.cc(340)] could not read dos header from C:\Windows\SYSTEM32\WINMM.dll
[0911/022146.165:ERROR:process_memory_win.cc(73)] ReadMemory at 0x7ff9364c0000 of 64 bytes failed: Solo se completó una parte de una solicitud ReadProcessMemory o WriteProcessMemory. (0x12B)
[0911/022146.165:WARNING:pe_image_reader.cc(340)] could not read dos header from C:\Windows\SYSTEM32\UIAutomationCore.DLL
[0911/022146.165:ERROR:process_memory_win.cc(73)] ReadMemory at 0x7ff949e00000 of 64 bytes failed: Solo se completó una parte de una solicitud ReadProcessMemory o WriteProcessMemory. (0x12B)
[0911/022146.165:WARNING:pe_image_reader.cc(340)] could not read dos header from C:\Windows\SYSTEM32\Secur32.dll
[0911/022146.165:ERROR:process_memory_win.cc(73)] ReadMemory at 0x7ff962fe0000 of 64 bytes failed: Solo se completó una parte de una solicitud ReadProcessMemory o WriteProcessMemory. (0x12B)
[0911/022146.165:WARNING:pe_image_reader.cc(340)] could not read dos header from C:\Windows\SYSTEM32\USERENV.dll
[0911/022146.166:ERROR:process_memory_win.cc(73)] ReadMemory at 0x7ff9630d0000 of 64 bytes failed: Solo se completó una parte de una solicitud ReadProcessMemory o WriteProcessMemory. (0x12B)
[0911/022146.167:WARNING:pe_image_reader.cc(340)] could not read dos header from C:\Windows\System32\profapi.dll
[0911/022146.167:ERROR:process_memory_win.cc(73)] ReadMemory at 0x7ff93a0f0000 of 64 bytes failed: Solo se completó una parte de una solicitud ReadProcessMemory o WriteProcessMemory. (0x12B)
[0911/022146.167:WARNING:pe_image_reader.cc(340)] could not read dos header from C:\Windows\SYSTEM32\DWrite.dll
[0911/022146.167:ERROR:process_memory_win.cc(73)] ReadMemory at 0x7ff9547e0000 of 64 bytes failed: Solo se completó una parte de una solicitud ReadProcessMemory o WriteProcessMemory. (0x12B)
[0911/022146.167:WARNING:pe_image_reader.cc(340)] could not read dos header from C:\Windows\SYSTEM32\WINSPOOL.DRV
[0911/022146.167:ERROR:process_memory_win.cc(73)] ReadMemory at 0x7ff963150000 of 64 bytes failed: Solo se completó una parte de una solicitud ReadProcessMemory o WriteProcessMemory. (0x12B)
[0911/022146.167:WARNING:pe_image_reader.cc(340)] could not read dos header from C:\Windows\System32\kernel.appcore.dll
[0911/022146.167:ERROR:process_memory_win.cc(73)] ReadMemory at 0x7ff963190000 of 64 bytes failed: Solo se completó una parte de una solicitud ReadProcessMemory o WriteProcessMemory. (0x12B)
[0911/022146.167:WARNING:pe_image_reader.cc(340)] could not read dos header from C:\Windows\System32\bcrypt.dll
[0911/022146.167:ERROR:process_memory_win.cc(73)] ReadMemory at 0x7ff961950000 of 64 bytes failed: Solo se completó una parte de una solicitud ReadProcessMemory o WriteProcessMemory. (0x12B)
[0911/022146.167:WARNING:pe_image_reader.cc(340)] could not read dos header from C:\Windows\SYSTEM32\dbghelp.dll
[0911/022146.167:ERROR:process_memory_win.cc(73)] ReadMemory at 0x7ff957970000 of 64 bytes failed: Solo se completó una parte de una solicitud ReadProcessMemory o WriteProcessMemory. (0x12B)
[0911/022146.167:WARNING:pe_image_reader.cc(340)] could not read dos header from C:\Windows\SYSTEM32\WINHTTP.dll
[0911/022146.168:ERROR:process_memory_win.cc(73)] ReadMemory at 0x7ff95a210000 of 64 bytes failed: Solo se completó una parte de una solicitud ReadProcessMemory o WriteProcessMemory. (0x12B)
[0911/022146.168:WARNING:pe_image_reader.cc(340)] could not read dos header from C:\Windows\SYSTEM32\dhcpcsvc.DLL
[0911/022146.168:ERROR:process_memory_win.cc(73)] ReadMemory at 0x7ff9643f0000 of 64 bytes failed: Solo se completó una parte de una solicitud ReadProcessMemory o WriteProcessMemory. (0x12B)
[0911/022146.168:WARNING:pe_image_reader.cc(340)] could not read dos header from C:\Windows\System32\NSI.dll
[0911/022146.169:ERROR:process_memory_win.cc(73)] ReadMemory at 0x7ff960960000 of 64 bytes failed: Solo se completó una parte de una solicitud ReadProcessMemory o WriteProcessMemory. (0x12B)
[0911/022146.170:WARNING:pe_image_reader.cc(340)] could not read dos header from C:\Windows\SYSTEM32\WINMMBASE.dll
[0911/022146.170:ERROR:process_memory_win.cc(73)] ReadMemory at 0x7ff964260000 of 64 bytes failed: Solo se completó una parte de una solicitud ReadProcessMemory o WriteProcessMemory. (0x12B)
[0911/022146.170:WARNING:pe_image_reader.cc(340)] could not read dos header from C:\Windows\System32\cfgmgr32.dll
[0911/022146.170:ERROR:process_memory_win.cc(73)] ReadMemory at 0x7ff961d50000 of 64 bytes failed: Solo se completó una parte de una solicitud ReadProcessMemory o WriteProcessMemory. (0x12B)
[0911/022146.170:WARNING:pe_image_reader.cc(340)] could not read dos header from C:\Windows\SYSTEM32\PROPSYS.dll
[0911/022146.170:ERROR:process_memory_win.cc(73)] ReadMemory at 0x7ff966110000 of 64 bytes failed: Solo se completó una parte de una solicitud ReadProcessMemory o WriteProcessMemory. (0x12B)
[0911/022146.170:WARNING:pe_image_reader.cc(340)] could not read dos header from C:\Windows\System32\shcore.dll
[0911/022146.170:ERROR:process_memory_win.cc(73)] ReadMemory at 0x7ff962fa0000 of 64 bytes failed: Solo se completó una parte de una solicitud ReadProcessMemory o WriteProcessMemory. (0x12B)
[0911/022146.170:WARNING:pe_image_reader.cc(340)] could not read dos header from C:\Windows\SYSTEM32\SSPICLI.DLL
[0911/022146.171:ERROR:process_memory_win.cc(73)] ReadMemory at 0x7ff962a80000 of 64 bytes failed: Solo se completó una parte de una solicitud ReadProcessMemory o WriteProcessMemory. (0x12B)
[0911/022146.171:WARNING:pe_image_reader.cc(340)] could not read dos header from C:\Windows\SYSTEM32\CRYPTBASE.DLL
[0911/022146.171:ERROR:process_memory_win.cc(73)] ReadMemory at 0x7ff626da0000 of 64 bytes failed: Solo se completó una parte de una solicitud ReadProcessMemory o WriteProcessMemory. (0x12B)
[0911/022146.171:WARNING:pe_image_reader.cc(340)] could not read dos header from C:\Program Files (x86)\Google\Chrome\Application\chrome.exe
[0911/022146.171:ERROR:process_memory_win.cc(73)] ReadMemory at 0x7ff966200000 of 64 bytes failed: Solo se completó una parte de una solicitud ReadProcessMemory o WriteProcessMemory. (0x12B)
[0911/022146.171:WARNING:pe_image_reader.cc(340)] could not read dos header from C:\Windows\SYSTEM32\ntdll.dll
[0911/022146.171:ERROR:process_memory_win.cc(73)] ReadMemory at 0x7ff9659c0000 of 64 bytes failed: Solo se completó una parte de una solicitud ReadProcessMemory o WriteProcessMemory. (0x12B)
[0911/022146.171:WARNING:pe_image_reader.cc(340)] could not read dos header from C:\Windows\System32\KERNEL32.DLL
[0911/022146.171:ERROR:process_memory_win.cc(73)] ReadMemory at 0x7ff9634c0000 of 64 bytes failed: Solo se completó una parte de una solicitud ReadProcessMemory o WriteProcessMemory. (0x12B)
[0911/022146.171:WARNING:pe_image_reader.cc(340)] could not read dos header from C:\Windows\System32\KERNELBASE.dll
[0911/022146.171:ERROR:process_memory_win.cc(73)] ReadMemory at 0x7ff9293f0000 of 64 bytes failed: Solo se completó una parte de una solicitud ReadProcessMemory o WriteProcessMemory. (0x12B)
[0911/022146.171:WARNING:pe_image_reader.cc(340)] could not read dos header from C:\Program Files (x86)\Google\Chrome\Application\85.0.4183.102\chrome_elf.dll
[0911/022146.171:ERROR:process_memory_win.cc(73)] ReadMemory at 0x7ff957a70000 of 64 bytes failed: Solo se completó una parte de una solicitud ReadProcessMemory o WriteProcessMemory. (0x12B)
[0911/022146.171:WARNING:pe_image_reader.cc(340)] could not read dos header from C:\Windows\SYSTEM32\VERSION.dll
[0911/022146.171:ERROR:process_memory_win.cc(73)] ReadMemory at 0x7ff964a70000 of 64 bytes failed: Solo se completó una parte de una solicitud ReadProcessMemory o WriteProcessMemory. (0x12B)
[0911/022146.172:WARNING:pe_image_reader.cc(340)] could not read dos header from C:\Windows\System32\msvcrt.dll
[0911/022146.172:ERROR:process_memory_win.cc(73)] ReadMemory at 0x7ff963360000 of 64 bytes failed: Solo se completó una parte de una solicitud ReadProcessMemory o WriteProcessMemory. (0x12B)
[0911/022146.172:WARNING:pe_image_reader.cc(340)] could not read dos header from C:\Windows\System32\bcryptPrimitives.dll
[0911/022146.172:ERROR:process_memory_win.cc(73)] ReadMemory at 0x7ff965e20000 of 64 bytes failed: Solo se completó una parte de una solicitud ReadProcessMemory o WriteProcessMemory. (0x12B)
[0911/022146.172:WARNING:pe_image_reader.cc(340)] could not read dos header from C:\Windows\System32\ADVAPI32.dll
[0911/022146.172:ERROR:process_memory_win.cc(73)] ReadMemory at 0x7ff965d80000 of 64 bytes failed: Solo se completó una parte de una solicitud ReadProcessMemory o WriteProcessMemory. (0x12B)
[0911/022146.172:WARNING:pe_image_reader.cc(340)] could not read dos header from C:\Windows\System32\sechost.dll
[0911/022146.172:ERROR:process_memory_win.cc(73)] ReadMemory at 0x7ff965ff0000 of 64 bytes failed: Solo se completó una parte de una solicitud ReadProcessMemory o WriteProcessMemory. (0x12B)
[0911/022146.172:WARNING:pe_image_reader.cc(340)] could not read dos header from C:\Windows\System32\RPCRT4.dll
[0911/022146.172:ERROR:process_memory_win.cc(73)] ReadMemory at 0x7ff903180000 of 64 bytes failed: Solo se completó una parte de una solicitud ReadProcessMemory o WriteProcessMemory. (0x12B)
[0911/022146.172:WARNING:pe_image_reader.cc(340)] could not read dos header from C:\Program Files (x86)\Google\Chrome\Application\85.0.4183.102\chrome.dll
[0911/022146.173:ERROR:process_memory_win.cc(73)] ReadMemory at 0x7ff964b10000 of 64 bytes failed: Solo se completó una parte de una solicitud ReadProcessMemory o WriteProcessMemory. (0x12B)
[0911/022146.173:WARNING:pe_image_reader.cc(340)] could not read dos header from C:\Windows\System32\WS2_32.dll
[0911/022146.173:ERROR:process_memory_win.cc(73)] ReadMemory at 0x7ff964fa0000 of 64 bytes failed: Solo se completó una parte de una solicitud ReadProcessMemory o WriteProcessMemory. (0x12B)
[0911/022146.173:WARNING:pe_image_reader.cc(340)] could not read dos header from C:\Windows\System32\OLEAUT32.dll
[0911/022146.173:ERROR:process_memory_win.cc(73)] ReadMemory at 0x7ff9631c0000 of 64 bytes failed: Solo se completó una parte de una solicitud ReadProcessMemory o WriteProcessMemory. (0x12B)
[0911/022146.173:WARNING:pe_image_reader.cc(340)] could not read dos header from C:\Windows\System32\msvcp_win.dll
[0911/022146.173:ERROR:process_memory_win.cc(73)] ReadMemory at 0x7ff963260000 of 64 bytes failed: Solo se completó una parte de una solicitud ReadProcessMemory o WriteProcessMemory. (0x12B)
[0911/022146.173:WARNING:pe_image_reader.cc(340)] could not read dos header from C:\Windows\System32\ucrtbase.dll
[0911/022146.173:ERROR:process_memory_win.cc(73)] ReadMemory at 0x7ff964c60000 of 64 bytes failed: Solo se completó una parte de una solicitud ReadProcessMemory o WriteProcessMemory. (0x12B)
[0911/022146.173:WARNING:pe_image_reader.cc(340)] could not read dos header from C:\Windows\System32\combase.dll
[0911/022146.173:ERROR:process_memory_win.cc(73)] ReadMemory at 0x7ff964200000 of 64 bytes failed: Solo se completó una parte de una solicitud ReadProcessMemory o WriteProcessMemory. (0x12B)
[0911/022146.173:WARNING:pe_image_reader.cc(340)] could not read dos header from C:\Windows\System32\WINTRUST.dll
[0911/022146.174:ERROR:process_memory_win.cc(73)] ReadMemory at 0x7ff963170000 of 64 bytes failed: Solo se completó una parte de una solicitud ReadProcessMemory o WriteProcessMemory. (0x12B)
[0911/022146.174:WARNING:pe_image_reader.cc(340)] could not read dos header from C:\Windows\System32\MSASN1.dll
[0911/022146.174:ERROR:process_memory_win.cc(73)] ReadMemory at 0x7ff963910000 of 64 bytes failed: Solo se completó una parte de una solicitud ReadProcessMemory o WriteProcessMemory. (0x12B)
[0911/022146.174:WARNING:pe_image_reader.cc(340)] could not read dos header from C:\Windows\System32\CRYPT32.dll
[0911/022146.174:ERROR:process_memory_win.cc(73)] ReadMemory at 0x7ff9625c0000 of 64 bytes failed: Solo se completó una parte de una solicitud ReadProcessMemory o WriteProcessMemory. (0x12B)
[0911/022146.174:WARNING:pe_image_reader.cc(340)] could not read dos header from C:\Windows\SYSTEM32\IPHLPAPI.DLL
[0911/022146.175:ERROR:process_memory_win.cc(73)] ReadMemory at 0x7ff960990000 of 64 bytes failed: Solo se completó una parte de una solicitud ReadProcessMemory o WriteProcessMemory. (0x12B)
[0911/022146.175:WARNING:pe_image_reader.cc(340)] could not read dos header from C:\Windows\SYSTEM32\WINMM.dll
[0911/022146.175:ERROR:process_memory_win.cc(73)] ReadMemory at 0x7ff9364c0000 of 64 bytes failed: Solo se completó una parte de una solicitud ReadProcessMemory o WriteProcessMemory. (0x12B)
[0911/022146.175:WARNING:pe_image_reader.cc(340)] could not read dos header from C:\Windows\SYSTEM32\UIAutomationCore.DLL
[0911/022146.175:ERROR:process_memory_win.cc(73)] ReadMemory at 0x7ff949e00000 of 64 bytes failed: Solo se completó una parte de una solicitud ReadProcessMemory o WriteProcessMemory. (0x12B)
[0911/022146.175:WARNING:pe_image_reader.cc(340)] could not read dos header from C:\Windows\SYSTEM32\Secur32.dll
[0911/022146.175:ERROR:process_memory_win.cc(73)] ReadMemory at 0x7ff962fe0000 of 64 bytes failed: Solo se completó una parte de una solicitud ReadProcessMemory o WriteProcessMemory. (0x12B)
[0911/022146.176:WARNING:pe_image_reader.cc(340)] could not read dos header from C:\Windows\SYSTEM32\USERENV.dll
[0911/022146.177:ERROR:process_memory_win.cc(73)] ReadMemory at 0x7ff9630d0000 of 64 bytes failed: Solo se completó una parte de una solicitud ReadProcessMemory o WriteProcessMemory. (0x12B)
[0911/022146.177:WARNING:pe_image_reader.cc(340)] could not read dos header from C:\Windows\System32\profapi.dll
[0911/022146.177:ERROR:process_memory_win.cc(73)] ReadMemory at 0x7ff93a0f0000 of 64 bytes failed: Solo se completó una parte de una solicitud ReadProcessMemory o WriteProcessMemory. (0x12B)
[0911/022146.177:WARNING:pe_image_reader.cc(340)] could not read dos header from C:\Windows\SYSTEM32\DWrite.dll
[0911/022146.177:ERROR:process_memory_win.cc(73)] ReadMemory at 0x7ff9547e0000 of 64 bytes failed: Solo se completó una parte de una solicitud ReadProcessMemory o WriteProcessMemory. (0x12B)
[0911/022146.177:WARNING:pe_image_reader.cc(340)] could not read dos header from C:\Windows\SYSTEM32\WINSPOOL.DRV
[0911/022146.177:ERROR:process_memory_win.cc(73)] ReadMemory at 0x7ff963150000 of 64 bytes failed: Solo se completó una parte de una solicitud ReadProcessMemory o WriteProcessMemory. (0x12B)
[0911/022146.177:WARNING:pe_image_reader.cc(340)] could not read dos header from C:\Windows\System32\kernel.appcore.dll
[0911/022146.178:ERROR:process_memory_win.cc(73)] ReadMemory at 0x7ff963190000 of 64 bytes failed: Solo se completó una parte de una solicitud ReadProcessMemory o WriteProcessMemory. (0x12B)
[0911/022146.178:WARNING:pe_image_reader.cc(340)] could not read dos header from C:\Windows\System32\bcrypt.dll
[0911/022146.178:ERROR:process_memory_win.cc(73)] ReadMemory at 0x7ff961950000 of 64 bytes failed: Solo se completó una parte de una solicitud ReadProcessMemory o WriteProcessMemory. (0x12B)
[0911/022146.178:WARNING:pe_image_reader.cc(340)] could not read dos header from C:\Windows\SYSTEM32\dbghelp.dll
[0911/022146.178:ERROR:process_memory_win.cc(73)] ReadMemory at 0x7ff957970000 of 64 bytes failed: Solo se completó una parte de una solicitud ReadProcessMemory o WriteProcessMemory. (0x12B)
[0911/022146.178:WARNING:pe_image_reader.cc(340)] could not read dos header from C:\Windows\SYSTEM32\WINHTTP.dll
[0911/022146.178:ERROR:process_memory_win.cc(73)] ReadMemory at 0x7ff95a210000 of 64 bytes failed: Solo se completó una parte de una solicitud ReadProcessMemory o WriteProcessMemory. (0x12B)
[0911/022146.178:WARNING:pe_image_reader.cc(340)] could not read dos header from C:\Windows\SYSTEM32\dhcpcsvc.DLL
[0911/022146.178:ERROR:process_memory_win.cc(73)] ReadMemory at 0x7ff9643f0000 of 64 bytes failed: Solo se completó una parte de una solicitud ReadProcessMemory o WriteProcessMemory. (0x12B)
[0911/022146.181:WARNING:pe_image_reader.cc(340)] could not read dos header from C:\Windows\System32\NSI.dll
[0911/022146.181:ERROR:process_memory_win.cc(73)] ReadMemory at 0x7ff960960000 of 64 bytes failed: Solo se completó una parte de una solicitud ReadProcessMemory o WriteProcessMemory. (0x12B)
[0911/022146.181:WARNING:pe_image_reader.cc(340)] could not read dos header from C:\Windows\SYSTEM32\WINMMBASE.dll
[0911/022146.181:ERROR:process_memory_win.cc(73)] ReadMemory at 0x7ff964260000 of 64 bytes failed: Solo se completó una parte de una solicitud ReadProcessMemory o WriteProcessMemory. (0x12B)
[0911/022146.181:WARNING:pe_image_reader.cc(340)] could not read dos header from C:\Windows\System32\cfgmgr32.dll
[0911/022146.181:ERROR:process_memory_win.cc(73)] ReadMemory at 0x7ff961d50000 of 64 bytes failed: Solo se completó una parte de una solicitud ReadProcessMemory o WriteProcessMemory. (0x12B)
[0911/022146.181:WARNING:pe_image_reader.cc(340)] could not read dos header from C:\Windows\SYSTEM32\PROPSYS.dll
[0911/022146.182:ERROR:process_memory_win.cc(73)] ReadMemory at 0x7ff966110000 of 64 bytes failed: Solo se completó una parte de una solicitud ReadProcessMemory o WriteProcessMemory. (0x12B)
[0911/022146.182:WARNING:pe_image_reader.cc(340)] could not read dos header from C:\Windows\System32\shcore.dll
[0911/022146.182:ERROR:process_memory_win.cc(73)] ReadMemory at 0x7ff962fa0000 of 64 bytes failed: Solo se completó una parte de una solicitud ReadProcessMemory o WriteProcessMemory. (0x12B)
[0911/022146.182:WARNING:pe_image_reader.cc(340)] could not read dos header from C:\Windows\SYSTEM32\SSPICLI.DLL
[0911/022146.182:ERROR:process_memory_win.cc(73)] ReadMemory at 0x7ff962a80000 of 64 bytes failed: Solo se completó una parte de una solicitud ReadProcessMemory o WriteProcessMemory. (0x12B)
[0911/022146.182:WARNING:pe_image_reader.cc(340)] could not read dos header from C:\Windows\SYSTEM32\CRYPTBASE.DLL
[0911/022146.280:ERROR:process_memory_win.cc(73)] ReadMemory at 0x91b89ed000 of 77824 bytes failed: Solo se completó una parte de una solicitud ReadProcessMemory o WriteProcessMemory. (0x12B)
[0911/022146.280:ERROR:process_memory_win.cc(73)] ReadMemory at 0x91b91fd000 of 12288 bytes failed: Solo se completó una parte de una solicitud ReadProcessMemory o WriteProcessMemory. (0x12B)
[0911/022146.280:ERROR:process_memory_win.cc(73)] ReadMemory at 0x91ba1fd000 of 12288 bytes failed: Solo se completó una parte de una solicitud ReadProcessMemory o WriteProcessMemory. (0x12B)
[0911/022146.280:ERROR:process_memory_win.cc(73)] ReadMemory at 0x91ba9fc000 of 16384 bytes failed: Solo se completó una parte de una solicitud ReadProcessMemory o WriteProcessMemory. (0x12B)
[0911/022146.280:ERROR:process_memory_win.cc(73)] ReadMemory at 0x91bb1fe000 of 8192 bytes failed: Solo se completó una parte de una solicitud ReadProcessMemory o WriteProcessMemory. (0x12B)
[0911/022146.280:ERROR:process_memory_win.cc(73)] ReadMemory at 0x91bb9fd000 of 12288 bytes failed: Solo se completó una parte de una solicitud ReadProcessMemory o WriteProcessMemory. (0x12B)
[0911/022146.280:ERROR:process_memory_win.cc(73)] ReadMemory at 0x91bc1fc000 of 16384 bytes failed: Solo se completó una parte de una solicitud ReadProcessMemory o WriteProcessMemory. (0x12B)
[0911/022146.280:ERROR:process_memory_win.cc(73)] ReadMemory at 0x91bd1fc000 of 16384 bytes failed: Solo se completó una parte de una solicitud ReadProcessMemory o WriteProcessMemory. (0x12B)
[0911/022146.280:ERROR:process_memory_win.cc(73)] ReadMemory at 0x91bd9fc000 of 16384 bytes failed: Solo se completó una parte de una solicitud ReadProcessMemory o WriteProcessMemory. (0x12B)
[0911/022146.280:ERROR:process_memory_win.cc(73)] ReadMemory at 0x91be1fb000 of 20480 bytes failed: Solo se completó una parte de una solicitud ReadProcessMemory o WriteProcessMemory. (0x12B)
[0911/022146.280:ERROR:process_memory_win.cc(73)] ReadMemory at 0x91be9fd000 of 12288 bytes failed: Solo se completó una parte de una solicitud ReadProcessMemory o WriteProcessMemory. (0x12B)
[0911/022146.280:ERROR:process_memory_win.cc(73)] ReadMemory at 0x91bc9fd000 of 12288 bytes failed: Solo se completó una parte de una solicitud ReadProcessMemory o WriteProcessMemory. (0x12B)
[0911/022146.280:ERROR:process_memory_win.cc(73)] ReadMemory at 0x91bf9fd000 of 12288 bytes failed: Solo se completó una parte de una solicitud ReadProcessMemory o WriteProcessMemory. (0x12B)
[0911/022146.280:ERROR:process_memory_win.cc(73)] ReadMemory at 0x91b99fc000 of 16384 bytes failed: Solo se completó una parte de una solicitud ReadProcessMemory o WriteProcessMemory. (0x12B)
[0911/022146.286:ERROR:process_memory_win.cc(73)] ReadMemory at 0x91bf1fc000 of 16384 bytes failed: Solo se completó una parte de una solicitud ReadProcessMemory o WriteProcessMemory. (0x12B)
[0911/022146.286:ERROR:process_memory_win.cc(73)] ReadMemory at 0x91c01ff000 of 4096 bytes failed: Solo se completó una parte de una solicitud ReadProcessMemory o WriteProcessMemory. (0x12B)
[0911/022146.286:ERROR:process_memory_win.cc(73)] ReadMemory at 0x91b8096000 of 852 bytes failed: Solo se completó una parte de una solicitud ReadProcessMemory o WriteProcessMemory. (0x12B)
[0911/022146.471:ERROR:process_memory_win.cc(73)] ReadMemory at 0x91b8097000 of 6024 bytes failed: Solo se completó una parte de una solicitud ReadProcessMemory o WriteProcessMemory. (0x12B)
[0911/022146.473:ERROR:process_memory_win.cc(73)] ReadMemory at 0x91b8099000 of 6024 bytes failed: Solo se completó una parte de una solicitud ReadProcessMemory o WriteProcessMemory. (0x12B)
[0911/022146.474:ERROR:process_memory_win.cc(73)] ReadMemory at 0x91b809d000 of 6024 bytes failed: Solo se completó una parte de una solicitud ReadProcessMemory o WriteProcessMemory. (0x12B)
[0911/022146.475:ERROR:process_memory_win.cc(73)] ReadMemory at 0x91b809f000 of 6024 bytes failed: Solo se completó una parte de una solicitud ReadProcessMemory o WriteProcessMemory. (0x12B)
[0911/022146.476:ERROR:process_memory_win.cc(73)] ReadMemory at 0x91b80a1000 of 6024 bytes failed: Solo se completó una parte de una solicitud ReadProcessMemory o WriteProcessMemory. (0x12B)
[0911/022146.477:ERROR:process_memory_win.cc(73)] ReadMemory at 0x91b80a3000 of 6024 bytes failed: Solo se completó una parte de una solicitud ReadProcessMemory o WriteProcessMemory. (0x12B)
[0911/022146.477:ERROR:process_memory_win.cc(73)] ReadMemory at 0x91b80a5000 of 6024 bytes failed: Solo se completó una parte de una solicitud ReadProcessMemory o WriteProcessMemory. (0x12B)
[0911/022146.478:ERROR:process_memory_win.cc(73)] ReadMemory at 0x91b80a9000 of 6024 bytes failed: Solo se completó una parte de una solicitud ReadProcessMemory o WriteProcessMemory. (0x12B)
[0911/022146.478:ERROR:process_memory_win.cc(73)] ReadMemory at 0x91b80ab000 of 6024 bytes failed: Solo se completó una parte de una solicitud ReadProcessMemory o WriteProcessMemory. (0x12B)
[0911/022146.478:ERROR:process_memory_win.cc(73)] ReadMemory at 0x91b80ad000 of 6024 bytes failed: Solo se completó una parte de una solicitud ReadProcessMemory o WriteProcessMemory. (0x12B)
[0911/022146.478:ERROR:process_memory_win.cc(73)] ReadMemory at 0x91b80af000 of 6024 bytes failed: Solo se completó una parte de una solicitud ReadProcessMemory o WriteProcessMemory. (0x12B)
[0911/022146.478:ERROR:process_memory_win.cc(73)] ReadMemory at 0x91b80bd000 of 6024 bytes failed: Solo se completó una parte de una solicitud ReadProcessMemory o WriteProcessMemory. (0x12B)
[0911/022146.482:ERROR:process_memory_win.cc(73)] ReadMemory at 0x91b80bf000 of 6024 bytes failed: Solo se completó una parte de una solicitud ReadProcessMemory o WriteProcessMemory. (0x12B)
[0911/022146.482:ERROR:process_memory_win.cc(73)] ReadMemory at 0x91b80c7000 of 6024 bytes failed: Solo se completó una parte de una solicitud ReadProcessMemory o WriteProcessMemory. (0x12B)
[0911/022146.482:ERROR:process_memory_win.cc(73)] ReadMemory at 0x91b80cb000 of 6024 bytes failed: Solo se completó una parte de una solicitud ReadProcessMemory o WriteProcessMemory. (0x12B)
[0911/022146.482:ERROR:process_memory_win.cc(73)] ReadMemory at 0x91b80cd000 of 6024 bytes failed: Solo se completó una parte de una solicitud ReadProcessMemory o WriteProcessMemory. (0x12B)
[0911/022146.482:ERROR:process_memory_win.cc(73)] ReadMemory at 0x1dc0cef1600 of 512 bytes failed: Solo se completó una parte de una solicitud ReadProcessMemory o WriteProcessMemory. (0x12B)
[0911/022146.483:ERROR:process_memory_win.cc(73)] ReadMemory at 0x1dc0cef2a40 of 512 bytes failed: Solo se completó una parte de una solicitud ReadProcessMemory o WriteProcessMemory. (0x12B)
[0911/022146.483:ERROR:process_memory_win.cc(73)] ReadMemory at 0x1dc0cfc0fe0 of 22974 bytes failed: Solo se completó una parte de una solicitud ReadProcessMemory o WriteProcessMemory. (0x12B)
[0911/022146.483:ERROR:process_memory_win.cc(73)] ReadMemory at 0x1dc0cfc69b0 of 1012 bytes failed: Solo se completó una parte de una solicitud ReadProcessMemory o WriteProcessMemory. (0x12B)
[0911/022146.483:ERROR:process_memory_win.cc(73)] ReadMemory at 0x1dc0cfc6ff8 of 118 bytes failed: Solo se completó una parte de una solicitud ReadProcessMemory o WriteProcessMemory. (0x12B)
[0911/022146.483:ERROR:process_memory_win.cc(73)] ReadMemory at 0x1dc0cfc7070 of 848 bytes failed: Solo se completó una parte de una solicitud ReadProcessMemory o WriteProcessMemory. (0x12B)
[0911/022146.483:ERROR:process_memory_win.cc(73)] ReadMemory at 0x1dc0cfc73c2 of 118 bytes failed: Solo se completó una parte de una solicitud ReadProcessMemory o WriteProcessMemory. (0x12B)
[0911/022146.483:ERROR:process_memory_win.cc(73)] ReadMemory at 0x1dc0cfc743a of 100 bytes failed: Solo se completó una parte de una solicitud ReadProcessMemory o WriteProcessMemory. (0x12B)
[0911/022146.483:ERROR:process_memory_win.cc(73)] ReadMemory at 0x1dc0cfc74b0 of 58 bytes failed: Solo se completó una parte de una solicitud ReadProcessMemory o WriteProcessMemory. (0x12B)
[0911/022146.484:ERROR:process_memory_win.cc(73)] ReadMemory at 0x1dc0cfc75b0 of 132 bytes failed: Solo se completó una parte de una solicitud ReadProcessMemory o WriteProcessMemory. (0x12B)
[0911/022146.484:ERROR:process_memory_win.cc(73)] ReadMemory at 0x1dc0cfc7740 of 132 bytes failed: Solo se completó una parte de una solicitud ReadProcessMemory o WriteProcessMemory. (0x12B)
[0911/022146.484:ERROR:process_memory_win.cc(73)] ReadMemory at 0x1dc0cfc7900 of 126 bytes failed: Solo se completó una parte de una solicitud ReadProcessMemory o WriteProcessMemory. (0x12B)
[0911/022146.484:ERROR:process_memory_win.cc(73)] ReadMemory at 0x1dc0cfc7ce0 of 132 bytes failed: Solo se completó una parte de una solicitud ReadProcessMemory o WriteProcessMemory. (0x12B)
[0911/022146.484:ERROR:process_memory_win.cc(73)] ReadMemory at 0x1dc0cfc7e70 of 64 bytes failed: Solo se completó una parte de una solicitud ReadProcessMemory o WriteProcessMemory. (0x12B)
[0911/022146.780:ERROR:process_memory_win.cc(73)] ReadMemory at 0x1dc0cfc8030 of 132 bytes failed: Solo se completó una parte de una solicitud ReadProcessMemory o WriteProcessMemory. (0x12B)
[0911/022146.929:ERROR:process_memory_win.cc(73)] ReadMemory at 0x1dc0cfc82d0 of 132 bytes failed: Solo se completó una parte de una solicitud ReadProcessMemory o WriteProcessMemory. (0x12B)
[0911/022146.930:ERROR:process_memory_win.cc(73)] ReadMemory at 0x1dc0cfc8460 of 68 bytes failed: Solo se completó una parte de una solicitud ReadProcessMemory o WriteProcessMemory. (0x12B)
[0911/022146.930:ERROR:process_memory_win.cc(73)] ReadMemory at 0x1dc0cfc9560 of 132 bytes failed: Solo se completó una parte de una solicitud ReadProcessMemory o WriteProcessMemory. (0x12B)
[0911/022146.930:ERROR:process_memory_win.cc(73)] ReadMemory at 0x1dc0cfc96f0 of 154 bytes failed: Solo se completó una parte de una solicitud ReadProcessMemory o WriteProcessMemory. (0x12B)
[0911/022146.930:ERROR:process_memory_win.cc(73)] ReadMemory at 0x1dc0cfca500 of 62 bytes failed: Solo se completó una parte de una solicitud ReadProcessMemory o WriteProcessMemory. (0x12B)
[0911/022146.931:ERROR:process_memory_win.cc(73)] ReadMemory at 0x1dc0cfca660 of 132 bytes failed: Solo se completó una parte de una solicitud ReadProcessMemory o WriteProcessMemory. (0x12B)
[0911/022146.931:ERROR:process_memory_win.cc(73)] ReadMemory at 0x1dc0cfca7f0 of 60 bytes failed: Solo se completó una parte de una solicitud ReadProcessMemory o WriteProcessMemory. (0x12B)
[0911/022146.931:ERROR:process_memory_win.cc(73)] ReadMemory at 0x1dc0cfda940 of 60 bytes failed: Solo se completó una parte de una solicitud ReadProcessMemory o WriteProcessMemory. (0x12B)
[0911/022146.931:ERROR:process_memory_win.cc(73)] ReadMemory at 0x1dc0cfdae90 of 62 bytes failed: Solo se completó una parte de una solicitud ReadProcessMemory o WriteProcessMemory. (0x12B)
[0911/022146.931:ERROR:process_memory_win.cc(73)] ReadMemory at 0x1dc0cfdd9e0 of 54 bytes failed: Solo se completó una parte de una solicitud ReadProcessMemory o WriteProcessMemory. (0x12B)
[0911/022146.932:ERROR:process_memory_win.cc(73)] ReadMemory at 0x1dc0cfdf930 of 132 bytes failed: Solo se completó una parte de una solicitud ReadProcessMemory o WriteProcessMemory. (0x12B)
[0911/022146.932:ERROR:process_memory_win.cc(73)] ReadMemory at 0x1dc0cfdfd40 of 132 bytes failed: Solo se completó una parte de una solicitud ReadProcessMemory o WriteProcessMemory. (0x12B)
[0911/022146.932:ERROR:process_memory_win.cc(73)] ReadMemory at 0x1dc0cfdff80 of 76 bytes failed: Solo se completó una parte de una solicitud ReadProcessMemory o WriteProcessMemory. (0x12B)
[0911/022146.943:ERROR:process_memory_win.cc(73)] ReadMemory at 0x1dc0cfe0400 of 80 bytes failed: Solo se completó una parte de una solicitud ReadProcessMemory o WriteProcessMemory. (0x12B)
[0911/022146.943:ERROR:process_memory_win.cc(73)] ReadMemory at 0x1dc0cfe1768 of 512 bytes failed: Solo se completó una parte de una solicitud ReadProcessMemory o WriteProcessMemory. (0x12B)
[0911/022146.943:ERROR:process_memory_win.cc(73)] ReadMemory at 0x1dc0cfe5a70 of 80 bytes failed: Solo se completó una parte de una solicitud ReadProcessMemory o WriteProcessMemory. (0x12B)
[0911/022146.943:ERROR:process_memory_win.cc(73)] ReadMemory at 0x1dc0cfe7640 of 132 bytes failed: Solo se completó una parte de una solicitud ReadProcessMemory o WriteProcessMemory. (0x12B)
[0911/022146.943:ERROR:process_memory_win.cc(73)] ReadMemory at 0x1dc0cfe7990 of 132 bytes failed: Solo se completó una parte de una solicitud ReadProcessMemory o WriteProcessMemory. (0x12B)
[0911/022146.945:ERROR:process_memory_win.cc(73)] ReadMemory at 0x1dc0cfe7c90 of 132 bytes failed: Solo se completó una parte de una solicitud ReadProcessMemory o WriteProcessMemory. (0x12B)
[0911/022146.945:ERROR:process_memory_win.cc(73)] ReadMemory at 0x1dc0cfe7dc0 of 132 bytes failed: Solo se completó una parte de una solicitud ReadProcessMemory o WriteProcessMemory. (0x12B)
[0911/022146.945:ERROR:process_memory_win.cc(73)] ReadMemory at 0x1dc0cfe8120 of 132 bytes failed: Solo se completó una parte de una solicitud ReadProcessMemory o WriteProcessMemory. (0x12B)
[0911/022146.945:ERROR:process_memory_win.cc(73)] ReadMemory at 0x1dc0cfe8380 of 132 bytes failed: Solo se completó una parte de una solicitud ReadProcessMemory o WriteProcessMemory. (0x12B)
[0911/022146.945:ERROR:process_memory_win.cc(73)] ReadMemory at 0x1dc0cfe84b0 of 132 bytes failed: Solo se completó una parte de una solicitud ReadProcessMemory o WriteProcessMemory. (0x12B)
[0911/022146.945:ERROR:process_memory_win.cc(73)] ReadMemory at 0x1dc0cfe85e0 of 132 bytes failed: Solo se completó una parte de una solicitud ReadProcessMemory o WriteProcessMemory. (0x12B)
[0911/022147.049:ERROR:process_memory_win.cc(73)] ReadMemory at 0x1dc0cfe8710 of 132 bytes failed: Solo se completó una parte de una solicitud ReadProcessMemory o WriteProcessMemory. (0x12B)
[0911/022147.049:ERROR:process_memory_win.cc(73)] ReadMemory at 0x1dc0cfe8840 of 132 bytes failed: Solo se completó una parte de una solicitud ReadProcessMemory o WriteProcessMemory. (0x12B)
[0911/022147.049:ERROR:process_memory_win.cc(73)] ReadMemory at 0x1dc0cfe8970 of 132 bytes failed: Solo se completó una parte de una solicitud ReadProcessMemory o WriteProcessMemory. (0x12B)
[0911/022147.051:ERROR:process_memory_win.cc(73)] ReadMemory at 0x1dc0cfe8c80 of 64 bytes failed: Solo se completó una parte de una solicitud ReadProcessMemory o WriteProcessMemory. (0x12B)
[0911/022147.051:ERROR:process_memory_win.cc(73)] ReadMemory at 0x1dc0cfe8cd0 of 66 bytes failed: Solo se completó una parte de una solicitud ReadProcessMemory o WriteProcessMemory. (0x12B)
[0911/022147.420:ERROR:process_memory_win.cc(73)] ReadMemory at 0x1dc0cfe8d20 of 64 bytes failed: Solo se completó una parte de una solicitud ReadProcessMemory o WriteProcessMemory. (0x12B)
[0911/022147.420:ERROR:process_memory_win.cc(73)] ReadMemory at 0x1dc0cfe8d70 of 64 bytes failed: Solo se completó una parte de una solicitud ReadProcessMemory o WriteProcessMemory. (0x12B)
[0911/022147.420:ERROR:process_memory_win.cc(73)] ReadMemory at 0x1dc0cfe8dc0 of 62 bytes failed: Solo se completó una parte de una solicitud ReadProcessMemory o WriteProcessMemory. (0x12B)
[0911/022147.420:ERROR:process_memory_win.cc(73)] ReadMemory at 0x1dc0cfe8e10 of 62 bytes failed: Solo se completó una parte de una solicitud ReadProcessMemory o WriteProcessMemory. (0x12B)
[0911/022147.421:ERROR:process_memory_win.cc(73)] ReadMemory at 0x1dc0cfe8ff0 of 64 bytes failed: Solo se completó una parte de una solicitud ReadProcessMemory o WriteProcessMemory. (0x12B)
[0911/022147.421:ERROR:process_memory_win.cc(73)] ReadMemory at 0x1dc0cfe9090 of 60 bytes failed: Solo se completó una parte de una solicitud ReadProcessMemory o WriteProcessMemory. (0x12B)
[0911/022147.421:ERROR:process_memory_win.cc(73)] ReadMemory at 0x1dc0cfe9180 of 60 bytes failed: Solo se completó una parte de una solicitud ReadProcessMemory o WriteProcessMemory. (0x12B)
[0911/022147.421:ERROR:process_memory_win.cc(73)] ReadMemory at 0x1dc0cfe91d0 of 64 bytes failed: Solo se completó una parte de una solicitud ReadProcessMemory o WriteProcessMemory. (0x12B)
[0911/022147.422:ERROR:process_memory_win.cc(73)] ReadMemory at 0x1dc0cfe9220 of 66 bytes failed: Solo se completó una parte de una solicitud ReadProcessMemory o WriteProcessMemory. (0x12B)
[0911/022147.422:ERROR:process_memory_win.cc(73)] ReadMemory at 0x1dc0cfe9270 of 64 bytes failed: Solo se completó una parte de una solicitud ReadProcessMemory o WriteProcessMemory. (0x12B)
[0911/022147.422:ERROR:process_memory_win.cc(73)] ReadMemory at 0x1dc0cfe94a0 of 64 bytes failed: Solo se completó una parte de una solicitud ReadProcessMemory o WriteProcessMemory. (0x12B)
[0911/022147.422:ERROR:process_memory_win.cc(73)] ReadMemory at 0x1dc0cfe94f0 of 62 bytes failed: Solo se completó una parte de una solicitud ReadProcessMemory o WriteProcessMemory. (0x12B)
[0911/022147.422:ERROR:process_memory_win.cc(73)] ReadMemory at 0x1dc0cfe9540 of 62 bytes failed: Solo se completó una parte de una solicitud ReadProcessMemory o WriteProcessMemory. (0x12B)
[0911/022147.428:ERROR:process_memory_win.cc(73)] ReadMemory at 0x1dc0cfe9680 of 62 bytes failed: Solo se completó una parte de una solicitud ReadProcessMemory o WriteProcessMemory. (0x12B)
[0911/022147.429:ERROR:process_memory_win.cc(73)] ReadMemory at 0x1dc0cfe96d0 of 58 bytes failed: Solo se completó una parte de una solicitud ReadProcessMemory o WriteProcessMemory. (0x12B)
[0911/022147.430:ERROR:process_memory_win.cc(73)] ReadMemory at 0x1dc0cfe9720 of 62 bytes failed: Solo se completó una parte de una solicitud ReadProcessMemory o WriteProcessMemory. (0x12B)
[0911/022147.430:ERROR:process_memory_win.cc(73)] ReadMemory at 0x1dc0cfe9770 of 62 bytes failed: Solo se completó una parte de una solicitud ReadProcessMemory o WriteProcessMemory. (0x12B)
[0911/022147.430:ERROR:process_memory_win.cc(73)] ReadMemory at 0x1dc0cfe97c0 of 64 bytes failed: Solo se completó una parte de una solicitud ReadProcessMemory o WriteProcessMemory. (0x12B)
[0911/022147.430:ERROR:process_memory_win.cc(73)] ReadMemory at 0x1dc0cfe9860 of 60 bytes failed: Solo se completó una parte de una solicitud ReadProcessMemory o WriteProcessMemory. (0x12B)
[0911/022147.430:ERROR:process_memory_win.cc(73)] ReadMemory at 0x1dc0cfe98b0 of 60 bytes failed: Solo se completó una parte de una solicitud ReadProcessMemory o WriteProcessMemory. (0x12B)
[0911/022147.430:ERROR:process_memory_win.cc(73)] ReadMemory at 0x1dc0cfe99f0 of 62 bytes failed: Solo se completó una parte de una solicitud ReadProcessMemory o WriteProcessMemory. (0x12B)
[0911/022147.431:ERROR:process_memory_win.cc(73)] ReadMemory at 0x1dc0cfe9a90 of 62 bytes failed: Solo se completó una parte de una solicitud ReadProcessMemory o WriteProcessMemory. (0x12B)
[0911/022147.431:ERROR:process_memory_win.cc(73)] ReadMemory at 0x1dc0cfe9ae0 of 60 bytes failed: Solo se completó una parte de una solicitud ReadProcessMemory o WriteProcessMemory. (0x12B)
[0911/022147.431:ERROR:process_memory_win.cc(73)] ReadMemory at 0x1dc0cfebb70 of 132 bytes failed: Solo se completó una parte de una solicitud ReadProcessMemory o WriteProcessMemory. (0x12B)
[0911/022147.431:ERROR:process_memory_win.cc(73)] ReadMemory at 0x1dc0cfebd80 of 132 bytes failed: Solo se completó una parte de una solicitud ReadProcessMemory o WriteProcessMemory. (0x12B)
[0911/022147.431:ERROR:process_memory_win.cc(73)] ReadMemory at 0x1dc0cfebeb0 of 146 bytes failed: Solo se completó una parte de una solicitud ReadProcessMemory o WriteProcessMemory. (0x12B)
[0911/022147.431:ERROR:process_memory_win.cc(73)] ReadMemory at 0x1dc0cff2fa0 of 132 bytes failed: Solo se completó una parte de una solicitud ReadProcessMemory o WriteProcessMemory. (0x12B)
[0911/022147.543:ERROR:process_memory_win.cc(73)] ReadMemory at 0x1dc0cff30d0 of 132 bytes failed: Solo se completó una parte de una solicitud ReadProcessMemory o WriteProcessMemory. (0x12B)
[0911/022147.543:ERROR:process_memory_win.cc(73)] ReadMemory at 0x1dc0cff37f0 of 132 bytes failed: Solo se completó una parte de una solicitud ReadProcessMemory o WriteProcessMemory. (0x12B)
[0911/022147.544:ERROR:process_memory_win.cc(73)] ReadMemory at 0x1dc0cff3a50 of 132 bytes failed: Solo se completó una parte de una solicitud ReadProcessMemory o WriteProcessMemory. (0x12B)
[0911/022147.544:ERROR:process_memory_win.cc(73)] ReadMemory at 0x1dc0cff3b80 of 132 bytes failed: Solo se completó una parte de una solicitud ReadProcessMemory o WriteProcessMemory. (0x12B)
[0911/022147.544:ERROR:process_memory_win.cc(73)] ReadMemory at 0x1dc0cff3cb0 of 132 bytes failed: Solo se completó una parte de una solicitud ReadProcessMemory o WriteProcessMemory. (0x12B)
[0911/022147.544:ERROR:process_memory_win.cc(73)] ReadMemory at 0x1dc0cff3de0 of 132 bytes failed: Solo se completó una parte de una solicitud ReadProcessMemory o WriteProcessMemory. (0x12B)
[0911/022147.570:ERROR:process_memory_win.cc(73)] ReadMemory at 0x1dc0cff4040 of 132 bytes failed: Solo se completó una parte de una solicitud ReadProcessMemory o WriteProcessMemory. (0x12B)
[0911/022147.571:ERROR:process_memory_win.cc(73)] ReadMemory at 0x1dc0cff4170 of 132 bytes failed: Solo se completó una parte de una solicitud ReadProcessMemory o WriteProcessMemory. (0x12B)
[0911/022147.571:ERROR:process_memory_win.cc(73)] ReadMemory at 0x1dc0cff4500 of 132 bytes failed: Solo se completó una parte de una solicitud ReadProcessMemory o WriteProcessMemory. (0x12B)
[0911/022147.571:ERROR:process_memory_win.cc(73)] ReadMemory at 0x1dc0cff4630 of 132 bytes failed: Solo se completó una parte de una solicitud ReadProcessMemory o WriteProcessMemory. (0x12B)
[0911/022147.572:ERROR:process_memory_win.cc(73)] ReadMemory at 0x1dc0cff4760 of 132 bytes failed: Solo se completó una parte de una solicitud ReadProcessMemory o WriteProcessMemory. (0x12B)
[0911/022147.572:ERROR:process_memory_win.cc(73)] ReadMemory at 0x1dc0cff4890 of 132 bytes failed: Solo se completó una parte de una solicitud ReadProcessMemory o WriteProcessMemory. (0x12B)
[0911/022147.572:ERROR:process_memory_win.cc(73)] ReadMemory at 0x1dc0cff49c0 of 132 bytes failed: Solo se completó una parte de una solicitud ReadProcessMemory o WriteProcessMemory. (0x12B)
[0911/022147.572:ERROR:process_memory_win.cc(73)] ReadMemory at 0x1dc0cff4af0 of 132 bytes failed: Solo se completó una parte de una solicitud ReadProcessMemory o WriteProcessMemory. (0x12B)
[0911/022147.573:ERROR:process_memory_win.cc(73)] ReadMemory at 0x1dc0cff4c20 of 132 bytes failed: Solo se completó una parte de una solicitud ReadProcessMemory o WriteProcessMemory. (0x12B)
[0911/022147.573:ERROR:process_memory_win.cc(73)] ReadMemory at 0x1dc0cff4d50 of 132 bytes failed: Solo se completó una parte de una solicitud ReadProcessMemory o WriteProcessMemory. (0x12B)
[0911/022147.576:ERROR:process_memory_win.cc(73)] ReadMemory at 0x1dc0d042b40 of 512 bytes failed: Solo se completó una parte de una solicitud ReadProcessMemory o WriteProcessMemory. (0x12B)
[0911/022147.576:ERROR:process_memory_win.cc(73)] ReadMemory at 0x1dc0d05a000 of 512 bytes failed: Solo se completó una parte de una solicitud ReadProcessMemory o WriteProcessMemory. (0x12B)
[0911/022147.576:ERROR:process_memory_win.cc(73)] ReadMemory at 0x1dc0d05acb0 of 512 bytes failed: Solo se completó una parte de una solicitud ReadProcessMemory o WriteProcessMemory. (0x12B)
[0911/022147.577:ERROR:process_memory_win.cc(73)] ReadMemory at 0x1dc0d08a790 of 512 bytes failed: Solo se completó una parte de una solicitud ReadProcessMemory o WriteProcessMemory. (0x12B)
[0911/022147.577:ERROR:process_memory_win.cc(73)] ReadMemory at 0x1dc0d08cb90 of 512 bytes failed: Solo se completó una parte de una solicitud ReadProcessMemory o WriteProcessMemory. (0x12B)
[0911/022147.577:ERROR:process_memory_win.cc(73)] ReadMemory at 0x1dc0d091b50 of 512 bytes failed: Solo se completó una parte de una solicitud ReadProcessMemory o WriteProcessMemory. (0x12B)
[0911/022147.577:ERROR:process_memory_win.cc(73)] ReadMemory at 0x1dc0d0a0210 of 736 bytes failed: Solo se completó una parte de una solicitud ReadProcessMemory o WriteProcessMemory. (0x12B)
[0911/022147.578:ERROR:process_memory_win.cc(73)] ReadMemory at 0x1dc0e7f1210 of 512 bytes failed: Solo se completó una parte de una solicitud ReadProcessMemory o WriteProcessMemory. (0x12B)
[0911/022147.578:ERROR:process_memory_win.cc(73)] ReadMemory at 0x1dc0e82cf88 of 704 bytes failed: Solo se completó una parte de una solicitud ReadProcessMemory o WriteProcessMemory. (0x12B)
[0911/022147.578:ERROR:process_memory_win.cc(73)] ReadMemory at 0x1dc0e85a1a0 of 512 bytes failed: Solo se completó una parte de una solicitud ReadProcessMemory o WriteProcessMemory. (0x12B)
[0911/022147.578:ERROR:process_memory_win.cc(73)] ReadMemory at 0x1dc0e8ed752 of 1282 bytes failed: Solo se completó una parte de una solicitud ReadProcessMemory o WriteProcessMemory. (0x12B)
[0911/022147.685:ERROR:process_memory_win.cc(73)] ReadMemory at 0x1dc0eb69090 of 512 bytes failed: Solo se completó una parte de una solicitud ReadProcessMemory o WriteProcessMemory. (0x12B)
[0911/022147.685:ERROR:process_memory_win.cc(73)] ReadMemory at 0x1dc0ecab010 of 512 bytes failed: Solo se completó una parte de una solicitud ReadProcessMemory o WriteProcessMemory. (0x12B)
[0911/022147.719:ERROR:process_memory_win.cc(73)] ReadMemory at 0x1dc0edbba30 of 512 bytes failed: Solo se completó una parte de una solicitud ReadProcessMemory o WriteProcessMemory. (0x12B)
[0911/022147.719:ERROR:process_memory_win.cc(73)] ReadMemory at 0x1dc14421590 of 512 bytes failed: Solo se completó una parte de una solicitud ReadProcessMemory o WriteProcessMemory. (0x12B)
[0911/022147.720:ERROR:process_memory_win.cc(73)] ReadMemory at 0x1dc161e6208 of 512 bytes failed: Solo se completó una parte de una solicitud ReadProcessMemory o WriteProcessMemory. (0x12B)
[0911/022147.720:ERROR:process_memory_win.cc(73)] ReadMemory at 0x251900000000 of 384 bytes failed: Solo se completó una parte de una solicitud ReadProcessMemory o WriteProcessMemory. (0x12B)
[0911/022147.720:ERROR:process_memory_win.cc(73)] ReadMemory at 0x25190ac62dd1 of 539 bytes failed: Solo se completó una parte de una solicitud ReadProcessMemory o WriteProcessMemory. (0x12B)
[0911/022147.720:ERROR:process_memory_win.cc(73)] ReadMemory at 0x25190cb85980 of 512 bytes failed: Solo se completó una parte de una solicitud ReadProcessMemory o WriteProcessMemory. (0x12B)
[0911/022147.720:ERROR:process_memory_win.cc(73)] ReadMemory at 0x25190cbbff80 of 128 bytes failed: Solo se completó una parte de una solicitud ReadProcessMemory o WriteProcessMemory. (0x12B)
[0911/022147.720:ERROR:process_memory_win.cc(73)] ReadMemory at 0x25190d652781 of 512 bytes failed: Solo se completó una parte de una solicitud ReadProcessMemory o WriteProcessMemory. (0x12B)
[0911/022147.721:ERROR:process_memory_win.cc(73)] ReadMemory at 0x25190dc8b354 of 532 bytes failed: Solo se completó una parte de una solicitud ReadProcessMemory o WriteProcessMemory. (0x12B)
[0911/022147.721:ERROR:process_memory_win.cc(73)] ReadMemory at 0x25190dc8b861 of 531 bytes failed: Solo se completó una parte de una solicitud ReadProcessMemory o WriteProcessMemory. (0x12B)
[0911/022147.721:ERROR:process_memory_win.cc(73)] ReadMemory at 0x25190e71893c of 513 bytes failed: Solo se completó una parte de una solicitud ReadProcessMemory o WriteProcessMemory. (0x12B)
[0911/022147.721:ERROR:process_memory_win.cc(73)] ReadMemory at 0x25190e718fc4 of 513 bytes failed: Solo se completó una parte de una solicitud ReadProcessMemory o WriteProcessMemory. (0x12B)
[0911/022147.721:ERROR:process_memory_win.cc(73)] ReadMemory at 0x25190e719285 of 512 bytes failed: Solo se completó una parte de una solicitud ReadProcessMemory o WriteProcessMemory. (0x12B)
[0911/022147.721:ERROR:process_memory_win.cc(73)] ReadMemory at 0x251925401eb5 of 512 bytes failed: Solo se completó una parte de una solicitud ReadProcessMemory o WriteProcessMemory. (0x12B)
[0911/022147.737:ERROR:process_memory_win.cc(73)] ReadMemory at 0x7ff9031f6cd0 of 512 bytes failed: Solo se completó una parte de una solicitud ReadProcessMemory o WriteProcessMemory. (0x12B)
[0911/022147.737:ERROR:process_memory_win.cc(73)] ReadMemory at 0x7ff904f67ef9 of 512 bytes failed: Solo se completó una parte de una solicitud ReadProcessMemory o WriteProcessMemory. (0x12B)
[0911/022147.738:ERROR:process_memory_win.cc(73)] ReadMemory at 0x7ff904fc2089 of 512 bytes failed: Solo se completó una parte de una solicitud ReadProcessMemory o WriteProcessMemory. (0x12B)
[0911/022147.738:ERROR:process_memory_win.cc(73)] ReadMemory at 0x7ff90aced198 of 512 bytes failed: Solo se completó una parte de una solicitud ReadProcessMemory o WriteProcessMemory. (0x12B)
[0911/022147.738:ERROR:process_memory_win.cc(73)] ReadMemory at 0x7ff929425160 of 512 bytes failed: Solo se completó una parte de una solicitud ReadProcessMemory o WriteProcessMemory. (0x12B)
[0911/022147.739:ERROR:process_memory_win.cc(73)] ReadMemory at 0x7ff929425867 of 512 bytes failed: Solo se completó una parte de una solicitud ReadProcessMemory o WriteProcessMemory. (0x12B)
[0911/022147.739:ERROR:process_memory_win.cc(73)] ReadMemory at 0x7ff9659e1f80 of 512 bytes failed: Solo se completó una parte de una solicitud ReadProcessMemory o WriteProcessMemory. (0x12B)
[0911/022147.739:ERROR:process_memory_win.cc(73)] ReadMemory at 0x7ff96629c074 of 672 bytes failed: Solo se completó una parte de una solicitud ReadProcessMemory o WriteProcessMemory. (0x12B)
[0911/022147.740:ERROR:process_memory_win.cc(73)] ReadMemory at 0x7ff96629f924 of 608 bytes failed: Solo se completó una parte de una solicitud ReadProcessMemory o WriteProcessMemory. (0x12B)
[0911/022147.740:ERROR:process_memory_win.cc(73)] ReadMemory at 0x7ff96632c428 of 18 bytes failed: Solo se completó una parte de una solicitud ReadProcessMemory o WriteProcessMemory. (0x12B)
[0911/022147.740:ERROR:process_memory_win.cc(73)] ReadMemory at 0x7ff96635f4f8 of 40 bytes failed: Solo se completó una parte de una solicitud ReadProcessMemory o WriteProcessMemory. (0x12B)
[0911/022147.740:ERROR:process_memory_win.cc(73)] ReadMemory at 0x7ff96635f978 of 48 bytes failed: Solo se completó una parte de una solicitud ReadProcessMemory o WriteProcessMemory. (0x12B)
[0911/022147.740:ERROR:process_memory_win.cc(73)] ReadMemory at 0x7ff9663653c0 of 64 bytes failed: Solo se completó una parte de una solicitud ReadProcessMemory o WriteProcessMemory. (0x12B)
[0911/022148.298:ERROR:scoped_process_suspend.cc(40)] NtResumeProcess: Se intentó obtener acceso a un proceso que está cerrándose. (0xc000010a)
